1669375914470	geckodriver	INFO	Listening on 127.0.0.1:60486
1669375917528	mozrunner::runner	INFO	Running command: "C:\\Program Files (x86)\\Mozilla Firefox\\firefox.exe" "--marionette" "--remote-debugging-port" "60487" "--remote-allow-hosts" "localhost" "-no-remote" "-profile" "C:\\Users\\AKSHAA~1.H\\AppData\\Local\\Temp\\rust_mozprofile2v30nr"
1669375920478	Marionette	INFO	Marionette enabled
1669375920483	Marionette	INFO	Listening on port 60499
Read port: 60499
WebDriver BiDi listening on ws://127.0.0.1:60487
1669375920608	RemoteAgent	WARN	TLS certificate errors will be ignored for this session
LdrLoadDll: Blocking load of 'qipcap.dll' -- see http://www.mozilla.com/en-US/blocklist/
LdrLoadDll: Blocking load of 'qipcap.dll' -- see http://www.mozilla.com/en-US/blocklist/
console.warn: SearchSettings: "get: No settings file exists, new profile?" (new NotFoundError("Could not open the file at C:\\Users\\AKSHAA~1.H\\AppData\\Local\\Temp\\rust_mozprofile2v30nr\\search.json.mozlz4", (void 0)))
DevTools listening on ws://127.0.0.1:60487/devtools/browser/2f19b625-1928-4d79-add1-28fa59efbbe5
1669375932692	Marionette	INFO	Stopped listening on port 60499
JavaScript error: chrome://remote/content/marionette/cert.sys.mjs, line 51: NS_ERROR_NOT_AVAILABLE: Component returned failure code: 0x80040111 (NS_ERROR_NOT_AVAILABLE) [nsICertOverrideService.setDisableAllSecurityChecksAndLetAttackersInterceptMyData]
!!! error running onStopped callback: TypeError: callback is not a function
1669375932751	RemoteAgent	ERROR	unable to stop listener: [Exception... "Component returned failure code: 0x80040111 (NS_ERROR_NOT_AVAILABLE) [nsICertOverrideService.setDisableAllSecurityChecksAndLetAttackersInterceptMyData]"  nsresult: "0x80040111 (NS_ERROR_NOT_AVAILABLE)"  location: "JS frame :: chrome://remote/content/marionette/cert.sys.mjs :: allowAllCerts.disable :: line 51"  data: no] Stack trace: allowAllCerts.disable()@sys.mjs:51
destroy()@sys.mjs:201
deleteSession()@sys.mjs:142
stop()@sys.mjs:221
[Parent 15096, IPC I/O Parent] WARNING: file /builds/worker/checkouts/gecko/ipc/chromium/src/base/process_util_win.cc:167
console.warn: TopSitesFeed: Failed to fetch data from Contile server: NetworkError when attempting to fetch resource.
